#
# A fatal error has been detected by the Java Runtime Environment:
#
#  EXCEPTION_ACCESS_VIOLATION (0xc0000005) at pc=0x0000027dce0f362a, pid=12852, tid=6040
#
# JRE version: OpenJDK Runtime Environment (22.0.2+9) (build 22.0.2+9-70)
# Java VM: OpenJDK 64-Bit Server VM (22.0.2+9-70, mixed mode, sharing, tiered, compressed oops, compressed class ptrs, g1 gc, windows-amd64)
# Problematic frame:
# C  [GTIII-OSD64.dll+0x362a]
#
# No core dump will be written. Minidumps are not enabled by default on client versions of Windows
#
# If you would like to submit a bug report, please visit:
#   https://bugreport.java.com/bugreport/crash.jsp
#

---------------  S U M M A R Y ------------

Command Line: -javaagent:C:\Program Files\JetBrains\IntelliJ IDEA 2024.1.4\lib\idea_rt.jar=64616:C:\Program Files\JetBrains\IntelliJ IDEA 2024.1.4\bin -Dfile.encoding=UTF-8 -Dsun.stdout.encoding=UTF-8 -Dsun.stderr.encoding=UTF-8 Main

Host: Intel(R) Core(TM) i7-6700 CPU @ 3.40GHz, 8 cores, 15G,  Windows 10 , 64 bit Build 19041 (10.0.19041.5198)
Time: Thu Feb 13 13:26:29 2025  Windows 10 , 64 bit Build 19041 (10.0.19041.5198) elapsed time: 5.669864 seconds (0d 0h 0m 5s)

---------------  T H R E A D  ---------------

Current thread (0x0000027dfc4de660):  VMThread "VM Thread"          [id=6040, stack(0x000000a7e9a00000,0x000000a7e9b00000) (1024K)]

Stack: [0x000000a7e9a00000,0x000000a7e9b00000],  sp=0x000000a7e9afeba0,  free space=1018k
Native frames: (J=compiled Java code, j=interpreted, Vv=VM code, C=native code)
C  [GTIII-OSD64.dll+0x362a]  (no source info available)
C  [GTIII-OSD64.dll+0x4010]  (no source info available)
C  [GTIII-OSD64.dll+0x34641]  (no source info available)
C  [GTIII-OSD64.dll+0x37320]  (no source info available)
C  [GTIII-OSD64.dll+0x3077a]  (no source info available)
C  [GTIII-OSD64.dll+0x307f7]  (no source info available)
C  [GTIII-OSD64.dll+0x30d47]  (no source info available)
C  [GTIII-OSD64.dll+0xd8fef]  (no source info available)
C  [ntdll.dll+0x19a1d]  (no source info available)
C  [ntdll.dll+0x5f1ca]  (no source info available)
C  [ntdll.dll+0x5ef7d]  (no source info available)
C  [KERNEL32.DLL+0x1e3eb]  (no source info available)
C  [ucrtbase.dll+0x205bc]  (no source info available)
C  [ucrtbase.dll+0x2045f]  (no source info available)
V  [jvm.dll+0x6db87b]  (no source info available)
V  [jvm.dll+0x6db3b0]  (no source info available)
V  [jvm.dll+0x3e2314]  (no source info available)
V  [jvm.dll+0x87e0f0]  (no source info available)
V  [jvm.dll+0x87f477]  (no source info available)
V  [jvm.dll+0x87f9f0]  (no source info available)
V  [jvm.dll+0x87fc93]  (no source info available)
V  [jvm.dll+0x81dc0b]  (no source info available)
V  [jvm.dll+0x6e0d85]  (no source info available)
C  [ucrtbase.dll+0x21bb2]  (no source info available)
C  [KERNEL32.DLL+0x17374]  (no source info available)
C  [ntdll.dll+0x4cc91]  (no source info available)


siginfo: EXCEPTION_ACCESS_VIOLATION (0xc0000005), reading address 0x00007ffe06e68c90


Registers:
RAX=0x0000000000000000, RBX=0x0000027dd63b09e0, RCX=0x0000000000000006, RDX=0x0000000000000000
RSP=0x000000a7e9afeba0, RBP=0x0000000000000000, RSI=0x00007ffe06e68c90, RDI=0x00007ffe06e68c90
R8 =0x000000a7e9afec20, R9 =0x0000000000000001, R10=0x0000000000000000, R11=0x000000a7e9afebb0
R12=0x000000a7e9afec20, R13=0x00007ffe41a14a60, R14=0x0000000000000005, R15=0x0000000000000006
RIP=0x0000027dce0f362a, EFLAGS=0x0000000000010246


Register to memory mapping:

RAX=0x0 is null
RBX=0x0000027dd63b09e0 points into unknown readable memory: 0x0000000000000001 | 01 00 00 00 00 00 00 00
RCX=0x0000000000000006 is an unknown value
RDX=0x0 is null
RSP=0x000000a7e9afeba0 points into unknown readable memory: 0x00003c473acacd32 | 32 cd ca 3a 47 3c 00 00
RBP=0x0 is null
RSI=0x00007ffe06e68c90 is an unknown value
RDI=0x00007ffe06e68c90 is an unknown value
R8 =0x000000a7e9afec20 points into unknown readable memory: 0x0000000000000000 | 00 00 00 00 00 00 00 00
R9 =0x0000000000000001 is an unknown value
R10=0x0 is null
R11=0x000000a7e9afebb0 points into unknown readable memory: 0x0000027dce0f0000 | 00 00 0f ce 7d 02 00 00
R12=0x000000a7e9afec20 points into unknown readable memory: 0x0000000000000000 | 00 00 00 00 00 00 00 00
R13=0x00007ffe41a14a60 jvm.dll
R14=0x0000000000000005 is an unknown value
R15=0x0000000000000006 is an unknown value

Top of Stack: (sp=0x000000a7e9afeba0)
0x000000a7e9afeba0:   00003c473acacd32 0000000000000000
0x000000a7e9afebb0:   0000027dce0f0000 0000000000000002
0x000000a7e9afebc0:   0000000000000000 0000027dce0f347f
0x000000a7e9afebd0:   0000000000000001 0000027dce0f0000
0x000000a7e9afebe0:   0000027dce1c9094 0000000000000002
0x000000a7e9afebf0:   0000000000000000 0000027dce0f4010
0x000000a7e9afec00:   0000000000000001 0000000000000006
0x000000a7e9afec10:   000000a7e9aff000 0000000000000980
0x000000a7e9afec20:   0000000000000000 0000000000000000
0x000000a7e9afec30:   0000000000000001 0000027dce124641
0x000000a7e9afec40:   0000000000000001 0000027dce0f0000
0x000000a7e9afec50:   000000a7e9afebc8 000000a7e9aff000
0x000000a7e9afec60:   0000000000000001 0000027dce127320
0x000000a7e9afec70:   000000a7e9afecd0 0000000000001798
0x000000a7e9afec80:   0000027dd61be3c4 0000000000003234
0x000000a7e9afec90:   0000000000003234 0000027dce12077a
0x000000a7e9afeca0:   0000000000000000 00007ffe74774041
0x000000a7e9afecb0:   000000000000c233 0000027dce0f0000
0x000000a7e9afecc0:   0000000000000000 0000027dce1207f7
0x000000a7e9afecd0:   0000000000000000 0000027dc6d9d7e0
0x000000a7e9afece0:   000000a7e9afecd0 0000027d00000001
0x000000a7e9afecf0:   0000000000000000 0000027dce120d47
0x000000a7e9afed00:   0000027dd6442d30 00007ffe74dc9877
0x000000a7e9afed10:   0000000000000001 0000000052900000
0x000000a7e9afed20:   00007ffe41a14a60 0000000052900000
0x000000a7e9afed30:   0000000000000001 00007ffe74dc9993
0x000000a7e9afed40:   0000000000000001 0000027dce1c8fef
0x000000a7e9afed50:   0000000000000001 000000007ffe0385
0x000000a7e9afed60:   0000000000000000 000000005291fad5
0x000000a7e9afed70:   0000027ddb2dd078 00007ffe725af05b
0x000000a7e9afed80:   0000000000000001 0000000000000016
0x000000a7e9afed90:   0000027dce0f0000 000000007ffe0384 

Instructions: (pc=0x0000027dce0f362a)
0x0000027dce0f352a:   00 48 8b 43 08 48 89 44 24 20 48 8b 43 18 48 83
0x0000027dce0f353a:   c0 1e 48 89 44 24 28 e8 4a 0b 00 00 85 c0 75 07
0x0000027dce0f354a:   b8 08 00 00 00 eb 5b 83 7c 24 34 00 48 8b 4b 08
0x0000027dce0f355a:   74 16 8b 41 fb 89 43 20 0f b7 41 ff 66 89 43 24
0x0000027dce0f356a:   8a 41 01 88 43 26 eb 0b 8b 01 89 43 20 8a 41 04
0x0000027dce0f357a:   88 43 24 8a 44 24 34 80 63 28 fe 24 01 08 43 28
0x0000027dce0f358a:   8b 44 24 38 83 63 2c f0 83 e0 0f 09 43 2c 48 8b
0x0000027dce0f359a:   44 24 3c 48 89 43 30 48 8b 44 24 44 48 89 43 38
0x0000027dce0f35aa:   33 c0 48 8b 4c 24 50 48 33 cc e8 d7 4a 0d 00 48
0x0000027dce0f35ba:   83 c4 60 5b c3 cc 48 89 5c 24 10 48 89 6c 24 18
0x0000027dce0f35ca:   56 57 41 54 41 56 41 57 48 83 ec 30 8b d9 4d 8b
0x0000027dce0f35da:   e0 48 c1 e3 06 8b ea 48 03 1d 48 35 0b 08 44 8b
0x0000027dce0f35ea:   f9 4c 8b 73 08 49 8b fe 85 d2 74 10 41 8b cf e8
0x0000027dce0f35fa:   fe fe ff ff 85 c0 0f 85 19 01 00 00 8a 43 28 24
0x0000027dce0f360a:   01 74 04 49 8d 7e fb 84 c0 49 8d 76 fb 0f b6 c0
0x0000027dce0f361a:   49 0f 44 f6 4c 8d 34 45 05 00 00 00 85 ed 75 35
0x0000027dce0f362a:   80 3e e9 75 30 48 63 46 01 4c 8d 56 f5 4c 03 d0
0x0000027dce0f363a:   4c 39 53 18 74 1f 48 8b 53 08 4c 8d 0d 75 ff ff
0x0000027dce0f364a:   ff 49 8b 4a 08 45 8b c7 4c 89 64 24 20 41 ff 12
0x0000027dce0f365a:   e9 c0 00 00 00 4c 8d 4c 24 60 41 b8 40 00 00 00
0x0000027dce0f366a:   49 8b d6 48 8b cf ff 15 12 4d 12 00 85 c0 75 0a
0x0000027dce0f367a:   b8 0a 00 00 00 e9 9b 00 00 00 85 ed 74 1f c6 06
0x0000027dce0f368a:   e9 8b 43 18 2b c7 83 c0 0b 89 46 01 f6 43 28 01
0x0000027dce0f369a:   74 2c 48 8b 43 08 66 c7 00 eb f9 eb 21 8b 43 20
0x0000027dce0f36aa:   f6 43 28 01 89 07 74 10 0f b7 43 24 66 89 47 04
0x0000027dce0f36ba:   8a 43 26 88 47 06 eb 06 8a 43 24 88 47 04 44 8b
0x0000027dce0f36ca:   44 24 60 4c 8d 4c 24 60 49 8b d6 48 8b cf ff 15
0x0000027dce0f36da:   aa 4c 12 00 ff 15 7c 4a 12 00 4d 8b c6 48 8b d7
0x0000027dce0f36ea:   48 8b c8 ff 15 a5 4b 12 00 44 8b c5 41 8b d7 49
0x0000027dce0f36fa:   8b cc e8 e3 fb ff ff 80 63 28 fd 40 80 e5 01 40
0x0000027dce0f370a:   8a c5 40 c0 e5 02 02 c0 0a 43 28 24 fb 40 0a c5
0x0000027dce0f371a:   88 43 28 33 c0 48 8b 5c 24 68 48 8b 6c 24 70 48 


Stack slot to memory mapping:

stack at sp + 0 slots: 0x00003c473acacd32 is an unknown value
stack at sp + 1 slots: 0x0 is null
stack at sp + 2 slots: 0x0000027dce0f0000 GTIII-OSD64.dll
stack at sp + 3 slots: 0x0000000000000002 is an unknown value
stack at sp + 4 slots: 0x0 is null
stack at sp + 5 slots: 0x0000027dce0f347f GTIII-OSD64.dll
stack at sp + 6 slots: 0x0000000000000001 is an unknown value
stack at sp + 7 slots: 0x0000027dce0f0000 GTIII-OSD64.dll

VM_Operation (0x000000a7eaafe9e0): Exit, mode: safepoint, requested by thread 0x0000027dc54ba120


---------------  P R O C E S S  ---------------

Threads class SMR info:
_java_thread_list=0x0000027dc549d960, length=15, elements={
0x0000027dfc4ffb30, 0x0000027dfc501510, 0x0000027dfc5031b0, 0x0000027dfc503b80,
0x0000027dfc50e210, 0x0000027dfc518370, 0x0000027dfc5189e0, 0x0000027dfc51c0c0,
0x0000027dc51ce150, 0x0000027dc5338250, 0x0000027dc53588d0, 0x0000027dc5491c00,
0x0000027dc54924f0, 0x0000027dc54ba120, 0x0000027ddb300c60
}

Java Threads: ( => current thread )
  0x0000027dfc4ffb30 JavaThread "Reference Handler"          daemon [_thread_blocked, id=9056, stack(0x000000a7e9b00000,0x000000a7e9c00000) (1024K)]
  0x0000027dfc501510 JavaThread "Finalizer"                  daemon [_thread_blocked, id=12436, stack(0x000000a7e9c00000,0x000000a7e9d00000) (1024K)]
  0x0000027dfc5031b0 JavaThread "Signal Dispatcher"          daemon [_thread_blocked, id=17308, stack(0x000000a7e9d00000,0x000000a7e9e00000) (1024K)]
  0x0000027dfc503b80 JavaThread "Attach Listener"            daemon [_thread_blocked, id=7052, stack(0x000000a7e9e00000,0x000000a7e9f00000) (1024K)]
  0x0000027dfc50e210 JavaThread "Service Thread"             daemon [_thread_blocked, id=516, stack(0x000000a7e9f00000,0x000000a7ea000000) (1024K)]
  0x0000027dfc518370 JavaThread "Monitor Deflation Thread"   daemon [_thread_blocked, id=6332, stack(0x000000a7ea000000,0x000000a7ea100000) (1024K)]
  0x0000027dfc5189e0 JavaThread "C2 CompilerThread0"         daemon [_thread_blocked, id=10860, stack(0x000000a7ea100000,0x000000a7ea200000) (1024K)]
  0x0000027dfc51c0c0 JavaThread "C1 CompilerThread0"         daemon [_thread_blocked, id=12576, stack(0x000000a7ea200000,0x000000a7ea300000) (1024K)]
  0x0000027dc51ce150 JavaThread "Common-Cleaner"             daemon [_thread_blocked, id=1916, stack(0x000000a7ea300000,0x000000a7ea400000) (1024K)]
  0x0000027dc5338250 JavaThread "Monitor Ctrl-Break"         daemon [_thread_in_native, id=556, stack(0x000000a7ea500000,0x000000a7ea600000) (1024K)]
  0x0000027dc53588d0 JavaThread "Notification Thread"        daemon [_thread_blocked, id=6180, stack(0x000000a7ea600000,0x000000a7ea700000) (1024K)]
  0x0000027dc5491c00 JavaThread "Java2D Disposer"            daemon [_thread_blocked, id=7048, stack(0x000000a7ea700000,0x000000a7ea800000) (1024K)]
  0x0000027dc54924f0 JavaThread "AWT-Shutdown"                      [_thread_blocked, id=4660, stack(0x000000a7ea800000,0x000000a7ea900000) (1024K)]
  0x0000027dc54ba120 JavaThread "AWT-EventQueue-0"                  [_thread_blocked, id=2044, stack(0x000000a7eaa00000,0x000000a7eab00000) (1024K)]
  0x0000027ddb300c60 JavaThread "DestroyJavaVM"                     [_thread_blocked, id=7860, stack(0x000000a7e9300000,0x000000a7e9400000) (1024K)]
Total: 15

Other Threads:
=>0x0000027dfc4de660 VMThread "VM Thread"                           [id=6040, stack(0x000000a7e9a00000,0x000000a7e9b00000) (1024K)]
  0x0000027ddd4c7920 WorkerThread "GC Thread#0"                     [id=7252, stack(0x000000a7e9400000,0x000000a7e9500000) (1024K)]
  0x0000027ddd4d91e0 ConcurrentGCThread "G1 Main Marker"            terminated
  0x0000027ddd4da100 WorkerThread "G1 Conc#0"                       [id=8112, stack(0x000000a7e9600000,0x000000a7e9700000) (1024K)]
  0x0000027dfc3899c0 ConcurrentGCThread "G1 Refine#0"               terminated
  0x0000027dfc38e090 ConcurrentGCThread "G1 Service"                terminated
Total: 6

Threads with active compile tasks:
Total: 0

VM state: at safepoint (shutting down)

VM Mutex/Monitor currently owned by a thread:  ([mutex/lock_event])
[0x00007ffe419ecb80] Threads_lock - owner thread: 0x0000027dfc4de660
[0x00007ffe419ecc80] Heap_lock - owner thread: 0x0000027dc54ba120

Heap address: 0x0000000700800000, size: 4088 MB, Compressed Oops mode: Zero based, Oop shift amount: 3

CDS archive(s) mapped at: [0x0000027d80000000-0x0000027d80c60000-0x0000027d80c60000), size 12976128, SharedBaseAddress: 0x0000027d80000000, ArchiveRelocationMode: 1.
Compressed class space mapped at: 0x0000027d81000000-0x0000027dc1000000, reserved size: 1073741824
Narrow klass base: 0x0000027d80000000, Narrow klass shift: 0, Narrow klass range: 0x41000000

GC Precious Log:
 CardTable entry size: 512
 Card Set container configuration: InlinePtr #cards 4 size 8 Array Of Cards #cards 16 size 48 Howl #buckets 8 coarsen threshold 3686 Howl Bitmap #cards 512 size 80 coarsen threshold 460 Card regions per heap region 1 cards per card region 4096
 CPUs: 8 total, 8 available
 Memory: 16347M
 Large Page Support: Disabled
 NUMA Support: Disabled
 Compressed Oops: Enabled (Zero based)
 Heap Region Size: 2M
 Heap Min Capacity: 8M
 Heap Initial Capacity: 256M
 Heap Max Capacity: 4088M
 Pre-touch: Disabled
 Parallel Workers: 8
 Concurrent Workers: 2
 Concurrent Refinement Workers: 8
 Periodic GC: Disabled

Heap:
 garbage-first heap   total reserved 4186112K, committed 262144K, used 10240K [0x0000000700800000, 0x0000000800000000)
  region size 2048K, 7 young (14336K), 0 survivors (0K)
 Metaspace       used 8075K, committed 8384K, reserved 1114112K
  class space    used 884K, committed 1024K, reserved 1048576K

Heap Regions: E=young(eden), S=young(survivor), O=old, HS=humongous(starts), HC=humongous(continues), CS=collection set, F=free, TAMS=top-at-mark-start, PB=parsable bottom
|   0|0x0000000700800000, 0x0000000700800000, 0x0000000700a00000|  0%| F|  |TAMS 0x0000000700800000| PB 0x0000000700800000| Untracked |  0
|   1|0x0000000700a00000, 0x0000000700a00000, 0x0000000700c00000|  0%| F|  |TAMS 0x0000000700a00000| PB 0x0000000700a00000| Untracked |  0
|   2|0x0000000700c00000, 0x0000000700c00000, 0x0000000700e00000|  0%| F|  |TAMS 0x0000000700c00000| PB 0x0000000700c00000| Untracked |  0
|   3|0x0000000700e00000, 0x0000000700e00000, 0x0000000701000000|  0%| F|  |TAMS 0x0000000700e00000| PB 0x0000000700e00000| Untracked |  0
|   4|0x0000000701000000, 0x0000000701000000, 0x0000000701200000|  0%| F|  |TAMS 0x0000000701000000| PB 0x0000000701000000| Untracked |  0
|   5|0x0000000701200000, 0x0000000701200000, 0x0000000701400000|  0%| F|  |TAMS 0x0000000701200000| PB 0x0000000701200000| Untracked |  0
|   6|0x0000000701400000, 0x0000000701400000, 0x0000000701600000|  0%| F|  |TAMS 0x0000000701400000| PB 0x0000000701400000| Untracked |  0
|   7|0x0000000701600000, 0x0000000701600000, 0x0000000701800000|  0%| F|  |TAMS 0x0000000701600000| PB 0x0000000701600000| Untracked |  0
|   8|0x0000000701800000, 0x0000000701800000, 0x0000000701a00000|  0%| F|  |TAMS 0x0000000701800000| PB 0x0000000701800000| Untracked |  0
|   9|0x0000000701a00000, 0x0000000701a00000, 0x0000000701c00000|  0%| F|  |TAMS 0x0000000701a00000| PB 0x0000000701a00000| Untracked |  0
|  10|0x0000000701c00000, 0x0000000701c00000, 0x0000000701e00000|  0%| F|  |TAMS 0x0000000701c00000| PB 0x0000000701c00000| Untracked |  0
|  11|0x0000000701e00000, 0x0000000701e00000, 0x0000000702000000|  0%| F|  |TAMS 0x0000000701e00000| PB 0x0000000701e00000| Untracked |  0
|  12|0x0000000702000000, 0x0000000702000000, 0x0000000702200000|  0%| F|  |TAMS 0x0000000702000000| PB 0x0000000702000000| Untracked |  0
|  13|0x0000000702200000, 0x0000000702200000, 0x0000000702400000|  0%| F|  |TAMS 0x0000000702200000| PB 0x0000000702200000| Untracked |  0
|  14|0x0000000702400000, 0x0000000702400000, 0x0000000702600000|  0%| F|  |TAMS 0x0000000702400000| PB 0x0000000702400000| Untracked |  0
|  15|0x0000000702600000, 0x0000000702600000, 0x0000000702800000|  0%| F|  |TAMS 0x0000000702600000| PB 0x0000000702600000| Untracked |  0
|  16|0x0000000702800000, 0x0000000702800000, 0x0000000702a00000|  0%| F|  |TAMS 0x0000000702800000| PB 0x0000000702800000| Untracked |  0
|  17|0x0000000702a00000, 0x0000000702a00000, 0x0000000702c00000|  0%| F|  |TAMS 0x0000000702a00000| PB 0x0000000702a00000| Untracked |  0
|  18|0x0000000702c00000, 0x0000000702c00000, 0x0000000702e00000|  0%| F|  |TAMS 0x0000000702c00000| PB 0x0000000702c00000| Untracked |  0
|  19|0x0000000702e00000, 0x0000000702e00000, 0x0000000703000000|  0%| F|  |TAMS 0x0000000702e00000| PB 0x0000000702e00000| Untracked |  0
|  20|0x0000000703000000, 0x0000000703000000, 0x0000000703200000|  0%| F|  |TAMS 0x0000000703000000| PB 0x0000000703000000| Untracked |  0
|  21|0x0000000703200000, 0x0000000703200000, 0x0000000703400000|  0%| F|  |TAMS 0x0000000703200000| PB 0x0000000703200000| Untracked |  0
|  22|0x0000000703400000, 0x0000000703400000, 0x0000000703600000|  0%| F|  |TAMS 0x0000000703400000| PB 0x0000000703400000| Untracked |  0
|  23|0x0000000703600000, 0x0000000703600000, 0x0000000703800000|  0%| F|  |TAMS 0x0000000703600000| PB 0x0000000703600000| Untracked |  0
|  24|0x0000000703800000, 0x0000000703800000, 0x0000000703a00000|  0%| F|  |TAMS 0x0000000703800000| PB 0x0000000703800000| Untracked |  0
|  25|0x0000000703a00000, 0x0000000703a00000, 0x0000000703c00000|  0%| F|  |TAMS 0x0000000703a00000| PB 0x0000000703a00000| Untracked |  0
|  26|0x0000000703c00000, 0x0000000703c00000, 0x0000000703e00000|  0%| F|  |TAMS 0x0000000703c00000| PB 0x0000000703c00000| Untracked |  0
|  27|0x0000000703e00000, 0x0000000703e00000, 0x0000000704000000|  0%| F|  |TAMS 0x0000000703e00000| PB 0x0000000703e00000| Untracked |  0
|  28|0x0000000704000000, 0x0000000704000000, 0x0000000704200000|  0%| F|  |TAMS 0x0000000704000000| PB 0x0000000704000000| Untracked |  0
|  29|0x0000000704200000, 0x0000000704200000, 0x0000000704400000|  0%| F|  |TAMS 0x0000000704200000| PB 0x0000000704200000| Untracked |  0
|  30|0x0000000704400000, 0x0000000704400000, 0x0000000704600000|  0%| F|  |TAMS 0x0000000704400000| PB 0x0000000704400000| Untracked |  0
|  31|0x0000000704600000, 0x0000000704600000, 0x0000000704800000|  0%| F|  |TAMS 0x0000000704600000| PB 0x0000000704600000| Untracked |  0
|  32|0x0000000704800000, 0x0000000704800000, 0x0000000704a00000|  0%| F|  |TAMS 0x0000000704800000| PB 0x0000000704800000| Untracked |  0
|  33|0x0000000704a00000, 0x0000000704a00000, 0x0000000704c00000|  0%| F|  |TAMS 0x0000000704a00000| PB 0x0000000704a00000| Untracked |  0
|  34|0x0000000704c00000, 0x0000000704c00000, 0x0000000704e00000|  0%| F|  |TAMS 0x0000000704c00000| PB 0x0000000704c00000| Untracked |  0
|  35|0x0000000704e00000, 0x0000000704e00000, 0x0000000705000000|  0%| F|  |TAMS 0x0000000704e00000| PB 0x0000000704e00000| Untracked |  0
|  36|0x0000000705000000, 0x0000000705000000, 0x0000000705200000|  0%| F|  |TAMS 0x0000000705000000| PB 0x0000000705000000| Untracked |  0
|  37|0x0000000705200000, 0x0000000705200000, 0x0000000705400000|  0%| F|  |TAMS 0x0000000705200000| PB 0x0000000705200000| Untracked |  0
|  38|0x0000000705400000, 0x0000000705400000, 0x0000000705600000|  0%| F|  |TAMS 0x0000000705400000| PB 0x0000000705400000| Untracked |  0
|  39|0x0000000705600000, 0x0000000705600000, 0x0000000705800000|  0%| F|  |TAMS 0x0000000705600000| PB 0x0000000705600000| Untracked |  0
|  40|0x0000000705800000, 0x0000000705800000, 0x0000000705a00000|  0%| F|  |TAMS 0x0000000705800000| PB 0x0000000705800000| Untracked |  0
|  41|0x0000000705a00000, 0x0000000705a00000, 0x0000000705c00000|  0%| F|  |TAMS 0x0000000705a00000| PB 0x0000000705a00000| Untracked |  0
|  42|0x0000000705c00000, 0x0000000705c00000, 0x0000000705e00000|  0%| F|  |TAMS 0x0000000705c00000| PB 0x0000000705c00000| Untracked |  0
|  43|0x0000000705e00000, 0x0000000705e00000, 0x0000000706000000|  0%| F|  |TAMS 0x0000000705e00000| PB 0x0000000705e00000| Untracked |  0
|  44|0x0000000706000000, 0x0000000706000000, 0x0000000706200000|  0%| F|  |TAMS 0x0000000706000000| PB 0x0000000706000000| Untracked |  0
|  45|0x0000000706200000, 0x0000000706200000, 0x0000000706400000|  0%| F|  |TAMS 0x0000000706200000| PB 0x0000000706200000| Untracked |  0
|  46|0x0000000706400000, 0x0000000706400000, 0x0000000706600000|  0%| F|  |TAMS 0x0000000706400000| PB 0x0000000706400000| Untracked |  0
|  47|0x0000000706600000, 0x0000000706600000, 0x0000000706800000|  0%| F|  |TAMS 0x0000000706600000| PB 0x0000000706600000| Untracked |  0
|  48|0x0000000706800000, 0x0000000706800000, 0x0000000706a00000|  0%| F|  |TAMS 0x0000000706800000| PB 0x0000000706800000| Untracked |  0
|  49|0x0000000706a00000, 0x0000000706a00000, 0x0000000706c00000|  0%| F|  |TAMS 0x0000000706a00000| PB 0x0000000706a00000| Untracked |  0
|  50|0x0000000706c00000, 0x0000000706c00000, 0x0000000706e00000|  0%| F|  |TAMS 0x0000000706c00000| PB 0x0000000706c00000| Untracked |  0
|  51|0x0000000706e00000, 0x0000000706e00000, 0x0000000707000000|  0%| F|  |TAMS 0x0000000706e00000| PB 0x0000000706e00000| Untracked |  0
|  52|0x0000000707000000, 0x0000000707000000, 0x0000000707200000|  0%| F|  |TAMS 0x0000000707000000| PB 0x0000000707000000| Untracked |  0
|  53|0x0000000707200000, 0x0000000707200000, 0x0000000707400000|  0%| F|  |TAMS 0x0000000707200000| PB 0x0000000707200000| Untracked |  0
|  54|0x0000000707400000, 0x0000000707400000, 0x0000000707600000|  0%| F|  |TAMS 0x0000000707400000| PB 0x0000000707400000| Untracked |  0
|  55|0x0000000707600000, 0x0000000707600000, 0x0000000707800000|  0%| F|  |TAMS 0x0000000707600000| PB 0x0000000707600000| Untracked |  0
|  56|0x0000000707800000, 0x0000000707800000, 0x0000000707a00000|  0%| F|  |TAMS 0x0000000707800000| PB 0x0000000707800000| Untracked |  0
|  57|0x0000000707a00000, 0x0000000707a00000, 0x0000000707c00000|  0%| F|  |TAMS 0x0000000707a00000| PB 0x0000000707a00000| Untracked |  0
|  58|0x0000000707c00000, 0x0000000707c00000, 0x0000000707e00000|  0%| F|  |TAMS 0x0000000707c00000| PB 0x0000000707c00000| Untracked |  0
|  59|0x0000000707e00000, 0x0000000707e00000, 0x0000000708000000|  0%| F|  |TAMS 0x0000000707e00000| PB 0x0000000707e00000| Untracked |  0
|  60|0x0000000708000000, 0x0000000708000000, 0x0000000708200000|  0%| F|  |TAMS 0x0000000708000000| PB 0x0000000708000000| Untracked |  0
|  61|0x0000000708200000, 0x0000000708200000, 0x0000000708400000|  0%| F|  |TAMS 0x0000000708200000| PB 0x0000000708200000| Untracked |  0
|  62|0x0000000708400000, 0x0000000708400000, 0x0000000708600000|  0%| F|  |TAMS 0x0000000708400000| PB 0x0000000708400000| Untracked |  0
|  63|0x0000000708600000, 0x0000000708600000, 0x0000000708800000|  0%| F|  |TAMS 0x0000000708600000| PB 0x0000000708600000| Untracked |  0
|  64|0x0000000708800000, 0x0000000708800000, 0x0000000708a00000|  0%| F|  |TAMS 0x0000000708800000| PB 0x0000000708800000| Untracked |  0
|  65|0x0000000708a00000, 0x0000000708a00000, 0x0000000708c00000|  0%| F|  |TAMS 0x0000000708a00000| PB 0x0000000708a00000| Untracked |  0
|  66|0x0000000708c00000, 0x0000000708c00000, 0x0000000708e00000|  0%| F|  |TAMS 0x0000000708c00000| PB 0x0000000708c00000| Untracked |  0
|  67|0x0000000708e00000, 0x0000000708e00000, 0x0000000709000000|  0%| F|  |TAMS 0x0000000708e00000| PB 0x0000000708e00000| Untracked |  0
|  68|0x0000000709000000, 0x0000000709000000, 0x0000000709200000|  0%| F|  |TAMS 0x0000000709000000| PB 0x0000000709000000| Untracked |  0
|  69|0x0000000709200000, 0x0000000709200000, 0x0000000709400000|  0%| F|  |TAMS 0x0000000709200000| PB 0x0000000709200000| Untracked |  0
|  70|0x0000000709400000, 0x0000000709400000, 0x0000000709600000|  0%| F|  |TAMS 0x0000000709400000| PB 0x0000000709400000| Untracked |  0
|  71|0x0000000709600000, 0x0000000709600000, 0x0000000709800000|  0%| F|  |TAMS 0x0000000709600000| PB 0x0000000709600000| Untracked |  0
|  72|0x0000000709800000, 0x0000000709800000, 0x0000000709a00000|  0%| F|  |TAMS 0x0000000709800000| PB 0x0000000709800000| Untracked |  0
|  73|0x0000000709a00000, 0x0000000709a00000, 0x0000000709c00000|  0%| F|  |TAMS 0x0000000709a00000| PB 0x0000000709a00000| Untracked |  0
|  74|0x0000000709c00000, 0x0000000709c00000, 0x0000000709e00000|  0%| F|  |TAMS 0x0000000709c00000| PB 0x0000000709c00000| Untracked |  0
|  75|0x0000000709e00000, 0x0000000709e00000, 0x000000070a000000|  0%| F|  |TAMS 0x0000000709e00000| PB 0x0000000709e00000| Untracked |  0
|  76|0x000000070a000000, 0x000000070a000000, 0x000000070a200000|  0%| F|  |TAMS 0x000000070a000000| PB 0x000000070a000000| Untracked |  0
|  77|0x000000070a200000, 0x000000070a200000, 0x000000070a400000|  0%| F|  |TAMS 0x000000070a200000| PB 0x000000070a200000| Untracked |  0
|  78|0x000000070a400000, 0x000000070a400000, 0x000000070a600000|  0%| F|  |TAMS 0x000000070a400000| PB 0x000000070a400000| Untracked |  0
|  79|0x000000070a600000, 0x000000070a600000, 0x000000070a800000|  0%| F|  |TAMS 0x000000070a600000| PB 0x000000070a600000| Untracked |  0
|  80|0x000000070a800000, 0x000000070a800000, 0x000000070aa00000|  0%| F|  |TAMS 0x000000070a800000| PB 0x000000070a800000| Untracked |  0
|  81|0x000000070aa00000, 0x000000070aa00000, 0x000000070ac00000|  0%| F|  |TAMS 0x000000070aa00000| PB 0x000000070aa00000| Untracked |  0
|  82|0x000000070ac00000, 0x000000070ac00000, 0x000000070ae00000|  0%| F|  |TAMS 0x000000070ac00000| PB 0x000000070ac00000| Untracked |  0
|  83|0x000000070ae00000, 0x000000070ae00000, 0x000000070b000000|  0%| F|  |TAMS 0x000000070ae00000| PB 0x000000070ae00000| Untracked |  0
|  84|0x000000070b000000, 0x000000070b000000, 0x000000070b200000|  0%| F|  |TAMS 0x000000070b000000| PB 0x000000070b000000| Untracked |  0
|  85|0x000000070b200000, 0x000000070b200000, 0x000000070b400000|  0%| F|  |TAMS 0x000000070b200000| PB 0x000000070b200000| Untracked |  0
|  86|0x000000070b400000, 0x000000070b400000, 0x000000070b600000|  0%| F|  |TAMS 0x000000070b400000| PB 0x000000070b400000| Untracked |  0
|  87|0x000000070b600000, 0x000000070b600000, 0x000000070b800000|  0%| F|  |TAMS 0x000000070b600000| PB 0x000000070b600000| Untracked |  0
|  88|0x000000070b800000, 0x000000070b800000, 0x000000070ba00000|  0%| F|  |TAMS 0x000000070b800000| PB 0x000000070b800000| Untracked |  0
|  89|0x000000070ba00000, 0x000000070ba00000, 0x000000070bc00000|  0%| F|  |TAMS 0x000000070ba00000| PB 0x000000070ba00000| Untracked |  0
|  90|0x000000070bc00000, 0x000000070bc00000, 0x000000070be00000|  0%| F|  |TAMS 0x000000070bc00000| PB 0x000000070bc00000| Untracked |  0
|  91|0x000000070be00000, 0x000000070be00000, 0x000000070c000000|  0%| F|  |TAMS 0x000000070be00000| PB 0x000000070be00000| Untracked |  0
|  92|0x000000070c000000, 0x000000070c000000, 0x000000070c200000|  0%| F|  |TAMS 0x000000070c000000| PB 0x000000070c000000| Untracked |  0
|  93|0x000000070c200000, 0x000000070c200000, 0x000000070c400000|  0%| F|  |TAMS 0x000000070c200000| PB 0x000000070c200000| Untracked |  0
|  94|0x000000070c400000, 0x000000070c400000, 0x000000070c600000|  0%| F|  |TAMS 0x000000070c400000| PB 0x000000070c400000| Untracked |  0
|  95|0x000000070c600000, 0x000000070c600000, 0x000000070c800000|  0%| F|  |TAMS 0x000000070c600000| PB 0x000000070c600000| Untracked |  0
|  96|0x000000070c800000, 0x000000070c800000, 0x000000070ca00000|  0%| F|  |TAMS 0x000000070c800000| PB 0x000000070c800000| Untracked |  0
|  97|0x000000070ca00000, 0x000000070ca00000, 0x000000070cc00000|  0%| F|  |TAMS 0x000000070ca00000| PB 0x000000070ca00000| Untracked |  0
|  98|0x000000070cc00000, 0x000000070cc00000, 0x000000070ce00000|  0%| F|  |TAMS 0x000000070cc00000| PB 0x000000070cc00000| Untracked |  0
|  99|0x000000070ce00000, 0x000000070ce00000, 0x000000070d000000|  0%| F|  |TAMS 0x000000070ce00000| PB 0x000000070ce00000| Untracked |  0
| 100|0x000000070d000000, 0x000000070d000000, 0x000000070d200000|  0%| F|  |TAMS 0x000000070d000000| PB 0x000000070d000000| Untracked |  0
| 101|0x000000070d200000, 0x000000070d200000, 0x000000070d400000|  0%| F|  |TAMS 0x000000070d200000| PB 0x000000070d200000| Untracked |  0
| 102|0x000000070d400000, 0x000000070d400000, 0x000000070d600000|  0%| F|  |TAMS 0x000000070d400000| PB 0x000000070d400000| Untracked |  0
| 103|0x000000070d600000, 0x000000070d600000, 0x000000070d800000|  0%| F|  |TAMS 0x000000070d600000| PB 0x000000070d600000| Untracked |  0
| 104|0x000000070d800000, 0x000000070d800000, 0x000000070da00000|  0%| F|  |TAMS 0x000000070d800000| PB 0x000000070d800000| Untracked |  0
| 105|0x000000070da00000, 0x000000070da00000, 0x000000070dc00000|  0%| F|  |TAMS 0x000000070da00000| PB 0x000000070da00000| Untracked |  0
| 106|0x000000070dc00000, 0x000000070dc00000, 0x000000070de00000|  0%| F|  |TAMS 0x000000070dc00000| PB 0x000000070dc00000| Untracked |  0
| 107|0x000000070de00000, 0x000000070de00000, 0x000000070e000000|  0%| F|  |TAMS 0x000000070de00000| PB 0x000000070de00000| Untracked |  0
| 108|0x000000070e000000, 0x000000070e000000, 0x000000070e200000|  0%| F|  |TAMS 0x000000070e000000| PB 0x000000070e000000| Untracked |  0
| 109|0x000000070e200000, 0x000000070e200000, 0x000000070e400000|  0%| F|  |TAMS 0x000000070e200000| PB 0x000000070e200000| Untracked |  0
| 110|0x000000070e400000, 0x000000070e400000, 0x000000070e600000|  0%| F|  |TAMS 0x000000070e400000| PB 0x000000070e400000| Untracked |  0
| 111|0x000000070e600000, 0x000000070e600000, 0x000000070e800000|  0%| F|  |TAMS 0x000000070e600000| PB 0x000000070e600000| Untracked |  0
| 112|0x000000070e800000, 0x000000070e800000, 0x000000070ea00000|  0%| F|  |TAMS 0x000000070e800000| PB 0x000000070e800000| Untracked |  0
| 113|0x000000070ea00000, 0x000000070ea00000, 0x000000070ec00000|  0%| F|  |TAMS 0x000000070ea00000| PB 0x000000070ea00000| Untracked |  0
| 114|0x000000070ec00000, 0x000000070ec00000, 0x000000070ee00000|  0%| F|  |TAMS 0x000000070ec00000| PB 0x000000070ec00000| Untracked |  0
| 115|0x000000070ee00000, 0x000000070ee00000, 0x000000070f000000|  0%| F|  |TAMS 0x000000070ee00000| PB 0x000000070ee00000| Untracked |  0
| 116|0x000000070f000000, 0x000000070f000000, 0x000000070f200000|  0%| F|  |TAMS 0x000000070f000000| PB 0x000000070f000000| Untracked |  0
| 117|0x000000070f200000, 0x000000070f200000, 0x000000070f400000|  0%| F|  |TAMS 0x000000070f200000| PB 0x000000070f200000| Untracked |  0
| 118|0x000000070f400000, 0x000000070f400000, 0x000000070f600000|  0%| F|  |TAMS 0x000000070f400000| PB 0x000000070f400000| Untracked |  0
| 119|0x000000070f600000, 0x000000070f600000, 0x000000070f800000|  0%| F|  |TAMS 0x000000070f600000| PB 0x000000070f600000| Untracked |  0
| 120|0x000000070f800000, 0x000000070f800000, 0x000000070fa00000|  0%| F|  |TAMS 0x000000070f800000| PB 0x000000070f800000| Untracked |  0
| 121|0x000000070fa00000, 0x000000070fb70a88, 0x000000070fc00000| 72%| E|  |TAMS 0x000000070fa00000| PB 0x000000070fa00000| Complete |  0
| 122|0x000000070fc00000, 0x000000070fe00000, 0x000000070fe00000|100%| E|CS|TAMS 0x000000070fc00000| PB 0x000000070fc00000| Complete |  0
| 123|0x000000070fe00000, 0x0000000710000000, 0x0000000710000000|100%| E|CS|TAMS 0x000000070fe00000| PB 0x000000070fe00000| Complete |  0
| 124|0x0000000710000000, 0x0000000710200000, 0x0000000710200000|100%| E|  |TAMS 0x0000000710000000| PB 0x0000000710000000| Complete |  0
| 125|0x0000000710200000, 0x0000000710400000, 0x0000000710400000|100%| E|CS|TAMS 0x0000000710200000| PB 0x0000000710200000| Complete |  0
| 126|0x0000000710400000, 0x0000000710600000, 0x0000000710600000|100%| E|CS|TAMS 0x0000000710400000| PB 0x0000000710400000| Complete |  0
| 127|0x0000000710600000, 0x0000000710800000, 0x0000000710800000|100%| E|CS|TAMS 0x0000000710600000| PB 0x0000000710600000| Complete |  0

Card table byte_map: [0x0000027df52e0000,0x0000027df5ae0000] _byte_map_base: 0x0000027df1adc000

Marking Bits: (CMBitMap*) 0x0000027ddd4c8030
 Bits: [0x0000027df5ae0000, 0x0000027df9ac0000)

Polling page: 0x0000027ddb290000

Metaspace:

Usage:
  Non-class:      7.02 MB used.
      Class:    884.24 KB used.
       Both:      7.89 MB used.

Virtual space:
  Non-class space:       64.00 MB reserved,       7.19 MB ( 11%) committed,  1 nodes.
      Class space:        1.00 GB reserved,       1.00 MB ( <1%) committed,  1 nodes.
             Both:        1.06 GB reserved,       8.19 MB ( <1%) committed. 

Chunk freelists:
   Non-Class:  8.49 MB
       Class:  15.04 MB
        Both:  23.53 MB

MaxMetaspaceSize: unlimited
CompressedClassSpaceSize: 1.00 GB
Initial GC threshold: 21.00 MB
Current GC threshold: 21.00 MB
CDS: on
 - commit_granule_bytes: 65536.
 - commit_granule_words: 8192.
 - virtual_space_node_default_size: 8388608.
 - enlarge_chunks_in_place: 1.
 - use_allocation_guard: 0.


Internal statistics:

num_allocs_failed_limit: 0.
num_arena_births: 160.
num_arena_deaths: 0.
num_vsnodes_births: 2.
num_vsnodes_deaths: 0.
num_space_committed: 131.
num_space_uncommitted: 0.
num_chunks_returned_to_freelist: 0.
num_chunks_taken_from_freelist: 207.
num_chunk_merges: 0.
num_chunk_splits: 121.
num_chunks_enlarged: 51.
num_inconsistent_stats: 0.

CodeHeap 'non-profiled nmethods': size=120000Kb used=292Kb max_used=292Kb free=119707Kb
 bounds [0x0000027ded280000, 0x0000027ded4f0000, 0x0000027df47b0000]
CodeHeap 'profiled nmethods': size=120000Kb used=1615Kb max_used=1615Kb free=118384Kb
 bounds [0x0000027de57b0000, 0x0000027de5a20000, 0x0000027decce0000]
CodeHeap 'non-nmethods': size=5760Kb used=1571Kb max_used=1587Kb free=4188Kb
 bounds [0x0000027decce0000, 0x0000027decf50000, 0x0000027ded280000]
 total_blobs=1710 nmethods=1076 adapters=539
 compilation: enabled
              stopped_count=0, restarted_count=0
 full_count=0

Compilation events (20 events):
Event: 2.674 Thread 0x0000027dfc51c0c0 1064       3       sun.awt.SunToolkit::wakeupEventQueue (11 bytes)
Event: 2.674 Thread 0x0000027dfc51c0c0 nmethod 1064 0x0000027de593e890 code [0x0000027de593eac0, 0x0000027de593f0b8]
Event: 2.674 Thread 0x0000027dfc51c0c0 1065       3       sun.awt.AWTAccessor::getEventQueueAccessor (19 bytes)
Event: 2.674 Thread 0x0000027dfc51c0c0 nmethod 1065 0x0000027de593f410 code [0x0000027de593f620, 0x0000027de593faa8]
Event: 2.684 Thread 0x0000027dfc51c0c0 1066   !   3       java.awt.EventDispatchThread::filterAndCheckEvent (108 bytes)
Event: 2.685 Thread 0x0000027dfc51c0c0 nmethod 1066 0x0000027de593fd10 code [0x0000027de593ff40, 0x0000027de5940a60]
Event: 2.685 Thread 0x0000027dfc51c0c0 1067   !   3       java.awt.EventQueue::getNextEvent (84 bytes)
Event: 2.685 Thread 0x0000027dfc51c0c0 nmethod 1067 0x0000027de5940e90 code [0x0000027de5941100, 0x0000027de59419a8]
Event: 2.701 Thread 0x0000027dfc5189e0 1068       4       java.awt.Component::getTreeLock (4 bytes)
Event: 2.701 Thread 0x0000027dfc5189e0 nmethod 1068 0x0000027ded2c7e10 code [0x0000027ded2c7f80, 0x0000027ded2c8010]
Event: 2.701 Thread 0x0000027dfc51c0c0 1069       3       java.util.HashMap::afterNodeRemoval (1 bytes)
Event: 2.702 Thread 0x0000027dfc51c0c0 nmethod 1069 0x0000027de5941d90 code [0x0000027de5941f20, 0x0000027de5942028]
Event: 2.709 Thread 0x0000027dfc51c0c0 1071   !   3       java.awt.Container::findComponentAt (42 bytes)
Event: 2.709 Thread 0x0000027dfc51c0c0 nmethod 1071 0x0000027de5942090 code [0x0000027de5942260, 0x0000027de59426b0]
Event: 2.714 Thread 0x0000027dfc51c0c0 1074       3       sun.awt.windows.WObjectPeer::getPeerForTarget (10 bytes)
Event: 2.715 Thread 0x0000027dfc51c0c0 nmethod 1074 0x0000027de5942890 code [0x0000027de5942b00, 0x0000027de59434d0]
Event: 2.715 Thread 0x0000027dfc51c0c0 1075   !   3       sun.awt.AWTAutoShutdown::getPeer (43 bytes)
Event: 2.715 Thread 0x0000027dfc51c0c0 nmethod 1075 0x0000027de5943810 code [0x0000027de59439c0, 0x0000027de5943d98]
Event: 2.844 Thread 0x0000027dfc5189e0 1076       4       jdk.internal.logger.SurrogateLogger::defaultPlatformLevel (4 bytes)
Event: 2.844 Thread 0x0000027dfc5189e0 nmethod 1076 0x0000027ded2c8f10 code [0x0000027ded2c9080, 0x0000027ded2c9110]

GC Heap History (0 events):
No events

Dll operation events (13 events):
Event: 0.009 Loaded shared library C:\Users\ElPablo\.jdks\openjdk-22.0.2\bin\java.dll
Event: 0.038 Loaded shared library C:\Users\ElPablo\.jdks\openjdk-22.0.2\bin\jsvml.dll
Event: 0.072 Loaded shared library C:\Users\ElPablo\.jdks\openjdk-22.0.2\bin\zip.dll
Event: 0.075 Loaded shared library C:\Users\ElPablo\.jdks\openjdk-22.0.2\bin\instrument.dll
Event: 0.079 Loaded shared library C:\Users\ElPablo\.jdks\openjdk-22.0.2\bin\net.dll
Event: 0.081 Loaded shared library C:\Users\ElPablo\.jdks\openjdk-22.0.2\bin\nio.dll
Event: 0.086 Loaded shared library C:\Users\ElPablo\.jdks\openjdk-22.0.2\bin\zip.dll
Event: 0.096 Loaded shared library C:\Program Files\JetBrains\IntelliJ IDEA 2024.1.4\bin\breakgen64.dll
Event: 0.105 Loaded shared library C:\Users\ElPablo\.jdks\openjdk-22.0.2\bin\extnet.dll
Event: 0.109 Loaded shared library C:\Users\ElPablo\.jdks\openjdk-22.0.2\bin\jimage.dll
Event: 0.113 Loaded shared library C:\Users\ElPablo\.jdks\openjdk-22.0.2\bin\awt.dll
Event: 0.474 Loaded shared library C:\Users\ElPablo\.jdks\openjdk-22.0.2\bin\freetype.dll
Event: 0.475 Loaded shared library C:\Users\ElPablo\.jdks\openjdk-22.0.2\bin\fontmanager.dll

Deoptimization events (10 events):
Event: 0.183 Thread 0x0000027ddb300c60 Uncommon trap: trap_request=0xffffff45 fr.pc=0x0000027ded28de80 relative=0x00000000000008c0
Event: 0.183 Thread 0x0000027ddb300c60 Uncommon trap: reason=unstable_if action=reinterpret pc=0x0000027ded28de80 method=java.util.HashMap.putVal(ILjava/lang/Object;Ljava/lang/Object;ZZ)Ljava/lang/Object; @ 69 c2
Event: 0.183 Thread 0x0000027ddb300c60 DEOPT PACKING pc=0x0000027ded28de80 sp=0x000000a7e93ff120
Event: 0.183 Thread 0x0000027ddb300c60 DEOPT UNPACKING pc=0x0000027decd346a2 sp=0x000000a7e93ff0d0 mode 2
Event: 0.495 Thread 0x0000027dc54ba120 DEOPT PACKING pc=0x0000027de57d9afc sp=0x000000a7eaafc6a0
Event: 0.495 Thread 0x0000027dc54ba120 DEOPT UNPACKING pc=0x0000027decd34e42 sp=0x000000a7eaafbac0 mode 0
Event: 2.336 Thread 0x0000027dc54ba120 Uncommon trap: trap_request=0xffffff45 fr.pc=0x0000027ded2c6f28 relative=0x0000000000000108
Event: 2.336 Thread 0x0000027dc54ba120 Uncommon trap: reason=unstable_if action=reinterpret pc=0x0000027ded2c6f28 method=java.awt.Component.inside(II)Z @ 9 c2
Event: 2.336 Thread 0x0000027dc54ba120 DEOPT PACKING pc=0x0000027ded2c6f28 sp=0x000000a7eaafeb40
Event: 2.336 Thread 0x0000027dc54ba120 DEOPT UNPACKING pc=0x0000027decd346a2 sp=0x000000a7eaafe9d8 mode 2

Classes loaded (20 events):
Event: 1.083 Loading class sun/util/locale/provider/TimeZoneNameProviderImpl done
Event: 1.083 Loading class sun/util/cldr/CLDRTimeZoneNameProviderImpl done
Event: 1.087 Loading class sun/util/locale/provider/BaseLocaleDataMetaInfo
Event: 1.087 Loading class sun/util/locale/provider/BaseLocaleDataMetaInfo done
Event: 1.089 Loading class java/lang/invoke/MethodHandle$1
Event: 1.089 Loading class java/lang/invoke/MethodHandle$1 done
Event: 1.090 Loading class sun/util/resources/cldr/TimeZoneNames
Event: 1.090 Loading class sun/util/resources/TimeZoneNamesBundle
Event: 1.090 Loading class sun/util/resources/OpenListResourceBundle
Event: 1.090 Loading class sun/util/resources/OpenListResourceBundle done
Event: 1.090 Loading class sun/util/resources/TimeZoneNamesBundle done
Event: 1.090 Loading class sun/util/resources/cldr/TimeZoneNames done
Event: 1.090 Loading class sun/util/resources/cldr/TimeZoneNames_en
Event: 1.091 Loading class sun/util/resources/cldr/TimeZoneNames_en done
Event: 1.091 Loading class sun/util/resources/cldr/TimeZoneNames_en_US
Event: 1.091 Loading class sun/util/resources/cldr/TimeZoneNames_en_US done
Event: 1.092 Loading class java/util/LinkedHashMap$LinkedKeySet
Event: 1.092 Loading class java/util/LinkedHashMap$LinkedKeySet done
Event: 2.336 Loading class java/awt/LightweightDispatcher$2
Event: 2.337 Loading class java/awt/LightweightDispatcher$2 done

Classes unloaded (0 events):
No events

Classes redefined (0 events):
No events

Internal exceptions (15 events):
Event: 0.087 Thread 0x0000027ddb300c60 Exception <a 'java/lang/NoSuchMethodError'{0x00000007105283f8}: 'void java.lang.invoke.DirectMethodHandle$Holder.invokeStatic(java.lang.Object, java.lang.Object, java.lang.Object)'> (0x00000007105283f8) 
thrown [s\open\src\hotspot\share\interpreter\linkResolver.cpp, line 774]
Event: 0.093 Thread 0x0000027ddb300c60 Exception <a 'java/lang/NoSuchMethodError'{0x000000071053fe90}: 'java.lang.Object java.lang.invoke.Invokers$Holder.invokeExact_MT(java.lang.Object, java.lang.Object, java.lang.Object, java.lang.Object, java.lang.Object)'> (0x000000071053fe90) 
thrown [s\open\src\hotspot\share\interpreter\linkResolver.cpp, line 774]
Event: 0.101 Thread 0x0000027ddb300c60 Exception <a 'java/lang/ClassNotFoundException'{0x0000000710552dc8}: sun/awt/resources/spi/awtProvider> (0x0000000710552dc8) 
thrown [s\open\src\hotspot\share\classfile\systemDictionary.cpp, line 313]
Event: 0.107 Thread 0x0000027dc5338250 Exception <a 'java/lang/NoSuchMethodError'{0x0000000710579cc0}: 'void java.lang.invoke.DirectMethodHandle$Holder.invokeStatic(java.lang.Object, java.lang.Object)'> (0x0000000710579cc0) 
thrown [s\open\src\hotspot\share\interpreter\linkResolver.cpp, line 774]
Event: 0.122 Thread 0x0000027ddb300c60 Exception <a 'java/io/FileNotFoundException'{0x00000007102218f8}> (0x00000007102218f8) 
thrown [s\open\src\hotspot\share\prims\jni.cpp, line 520]
Event: 0.129 Thread 0x0000027ddb300c60 Exception <a 'java/io/FileNotFoundException'{0x000000071024fb50}> (0x000000071024fb50) 
thrown [s\open\src\hotspot\share\prims\jni.cpp, line 520]
Event: 0.368 Thread 0x0000027dc54ba120 Exception <a 'java/lang/NoSuchMethodError'{0x00000007100a2b98}: 'void java.lang.invoke.DirectMethodHandle$Holder.invokeSpecial(java.lang.Object, java.lang.Object, java.lang.Object)'> (0x00000007100a2b98) 
thrown [s\open\src\hotspot\share\interpreter\linkResolver.cpp, line 774]
Event: 0.374 Thread 0x0000027dc54ba120 Exception <a 'java/lang/NoSuchMethodError'{0x00000007100c8ba0}: 'java.lang.Object java.lang.invoke.DirectMethodHandle$Holder.newInvokeSpecial(java.lang.Object, java.lang.Object, java.lang.Object, java.lang.Object, java.lang.Object)'> (0x00000007100c8ba0) 
thrown [s\open\src\hotspot\share\interpreter\linkResolver.cpp, line 774]
Event: 0.378 Thread 0x0000027dc54ba120 Exception <a 'java/lang/NoSuchMethodError'{0x00000007100f52b8}: 'java.lang.Object java.lang.invoke.DirectMethodHandle$Holder.invokeStatic(java.lang.Object, int, java.lang.Object)'> (0x00000007100f52b8) 
thrown [s\open\src\hotspot\share\interpreter\linkResolver.cpp, line 774]
Event: 0.396 Thread 0x0000027dc54ba120 Exception <a 'java/lang/ClassNotFoundException'{0x0000000710197510}: com/sun/swing/internal/plaf/metal/resources/spi/metalProvider> (0x0000000710197510) 
thrown [s\open\src\hotspot\share\classfile\systemDictionary.cpp, line 313]
Event: 0.397 Thread 0x0000027dc54ba120 Exception <a 'java/lang/ClassNotFoundException'{0x000000071019b510}: com/sun/swing/internal/plaf/basic/resources/spi/basicProvider> (0x000000071019b510) 
thrown [s\open\src\hotspot\share\classfile\systemDictionary.cpp, line 313]
Event: 0.406 Thread 0x0000027dc54ba120 Exception <a 'java/lang/NoSuchMethodError'{0x00000007101b7b68}: 'int java.lang.invoke.Invokers$Holder.invokeExact_MT(java.lang.Object, java.lang.Object)'> (0x00000007101b7b68) 
thrown [s\open\src\hotspot\share\interpreter\linkResolver.cpp, line 774]
Event: 0.470 Thread 0x0000027dc54ba120 Exception <a 'java/lang/NoSuchMethodError'{0x000000070ff7bb88}: 'void java.lang.invoke.DirectMethodHandle$Holder.invokeStaticInit(java.lang.Object)'> (0x000000070ff7bb88) 
thrown [s\open\src\hotspot\share\interpreter\linkResolver.cpp, line 774]
Event: 0.570 Thread 0x0000027dc5493ad0 Exception <a 'java/lang/NoSuchMethodError'{0x000000071037f8d8}: 'void java.lang.invoke.DirectMethodHandle$Holder.invokeVirtual(java.lang.Object, java.lang.Object)'> (0x000000071037f8d8) 
thrown [s\open\src\hotspot\share\interpreter\linkResolver.cpp, line 774]
Event: 1.092 Thread 0x0000027dfc503b80 Exception <a 'java/lang/NoSuchMethodError'{0x000000070fa7ce08}: 'java.lang.Object java.lang.invoke.Invokers$Holder.invokeExact_MT(java.lang.Object, java.lang.Object, java.lang.Object, java.lang.Object, java.lang.Object, java.lang.Object)'> (0x000000070fa7ce08) 
thrown [s\open\src\hotspot\share\interpreter\linkResolver.cpp, line 774]

ZGC Phase Switch (0 events):
No events

VM Operations (17 events):
Event: 0.060 Executing VM operation: HandshakeAllThreads (Deoptimize)
Event: 0.060 Executing VM operation: HandshakeAllThreads (Deoptimize) done
Event: 0.409 Executing VM operation: HandshakeAllThreads (Deoptimize)
Event: 0.409 Executing VM operation: HandshakeAllThreads (Deoptimize) done
Event: 0.512 Executing VM operation: HandshakeAllThreads (Deoptimize)
Event: 0.512 Executing VM operation: HandshakeAllThreads (Deoptimize) done
Event: 0.553 Executing VM operation: HandshakeAllThreads (Deoptimize)
Event: 0.553 Executing VM operation: HandshakeAllThreads (Deoptimize) done
Event: 1.089 Executing VM operation: HandshakeAllThreads (Deoptimize)
Event: 1.089 Executing VM operation: HandshakeAllThreads (Deoptimize) done
Event: 1.089 Executing VM operation: Cleanup
Event: 1.089 Executing VM operation: Cleanup done
Event: 2.100 Executing VM operation: Cleanup
Event: 2.100 Executing VM operation: Cleanup done
Event: 3.101 Executing VM operation: Cleanup
Event: 3.101 Executing VM operation: Cleanup done
Event: 5.173 Executing VM operation: Exit

Memory protections (0 events):
No events

Nmethod flushes (0 events):
No events

Events (20 events):
Event: 0.037 Thread 0x0000027ddb300c60 Thread added: 0x0000027dfc51c0c0
Event: 0.055 Thread 0x0000027ddb300c60 Thread added: 0x0000027dc51ce150
Event: 0.068 Thread 0x0000027dfc51c0c0 Thread added: 0x0000027dc52cf670
Event: 0.096 Thread 0x0000027ddb300c60 Thread added: 0x0000027dc5338250
Event: 0.096 Thread 0x0000027ddb300c60 Thread added: 0x0000027dc53588d0
Event: 0.164 Thread 0x0000027ddb300c60 Thread added: 0x0000027dc5491c00
Event: 0.165 Thread 0x0000027ddb300c60 Thread added: 0x0000027dc54924f0
Event: 0.166 Thread 0x0000027ddb300c60 Thread added: 0x0000027dc5493ad0
Event: 0.183 Thread 0x0000027ddb300c60 Thread added: 0x0000027dc54ba120
Event: 0.183 Thread 0x0000027ddb300c60 Thread exited: 0x0000027ddb300c60
Event: 0.183 Thread 0x0000027ddb300c60 Thread added: 0x0000027ddb300c60
Event: 0.359 Thread 0x0000027dc52cf670 Thread exited: 0x0000027dc52cf670
Event: 0.581 Thread 0x0000027dc54ba120 Thread added: 0x0000027dc6948450
Event: 5.061 Thread 0x0000027dc54ba120 Thread added: 0x0000027dc6947dc0
Event: 5.061 Thread 0x0000027dc54ba120 Thread added: 0x0000027dc6949800
Event: 5.061 Thread 0x0000027dc6949800 Thread exited: 0x0000027dc6949800
Event: 5.062 Thread 0x0000027dc6948450 Thread exited: 0x0000027dc6948450
Event: 5.091 Thread 0x0000027dc5493ad0 Thread exited: 0x0000027dc5493ad0
Event: 5.173 Thread 0x0000027dc6947dc0 Thread exited: 0x0000027dc6947dc0
Event: 5.173 Thread 0x0000027dc54ba120 Before exit entered


Dynamic libraries:
0x00007ff7e06d0000 - 0x00007ff7e06de000 	C:\Users\ElPablo\.jdks\openjdk-22.0.2\bin\java.exe
0x00007ffe74db0000 - 0x00007ffe74fa8000 	C:\Windows\SYSTEM32\ntdll.dll
0x00007ffe72f90000 - 0x00007ffe73052000 	C:\Windows\System32\KERNEL32.DLL
0x00007ffe72860000 - 0x00007ffe72b5f000 	C:\Windows\System32\KERNELBASE.dll
0x00007ffe725a0000 - 0x00007ffe726a0000 	C:\Windows\System32\ucrtbase.dll
0x00007ffe6ba90000 - 0x00007ffe6baa7000 	C:\Users\ElPablo\.jdks\openjdk-22.0.2\bin\jli.dll
0x00007ffe68fc0000 - 0x00007ffe68fdb000 	C:\Users\ElPablo\.jdks\openjdk-22.0.2\bin\VCRUNTIME140.dll
0x00007ffe74770000 - 0x00007ffe7490d000 	C:\Windows\System32\USER32.dll
0x00007ffe5ca30000 - 0x00007ffe5ccca000 	C:\Windows\WinSxS\amd64_microsoft.windows.common-controls_6595b64144ccf1df_6.0.19041.4355_none_60b8b9eb71f62e16\COMCTL32.dll
0x00007ffe72830000 - 0x00007ffe72852000 	C:\Windows\System32\win32u.dll
0x00007ffe73f70000 - 0x00007ffe73f9b000 	C:\Windows\System32\GDI32.dll
0x00007ffe73990000 - 0x00007ffe73a2e000 	C:\Windows\System32\msvcrt.dll
0x00007ffe72c30000 - 0x00007ffe72d47000 	C:\Windows\System32\gdi32full.dll
0x00007ffe72b90000 - 0x00007ffe72c2d000 	C:\Windows\System32\msvcp_win.dll
0x00007ffe73f40000 - 0x00007ffe73f6f000 	C:\Windows\System32\IMM32.DLL
0x00007ffe6e800000 - 0x00007ffe6e80c000 	C:\Users\ElPablo\.jdks\openjdk-22.0.2\bin\vcruntime140_1.dll
0x00007ffe5b210000 - 0x00007ffe5b29e000 	C:\Users\ElPablo\.jdks\openjdk-22.0.2\bin\msvcp140.dll
0x00007ffe40d80000 - 0x00007ffe41ac9000 	C:\Users\ElPablo\.jdks\openjdk-22.0.2\bin\server\jvm.dll
0x00007ffe73c80000 - 0x00007ffe73d31000 	C:\Windows\System32\ADVAPI32.dll
0x00007ffe74910000 - 0x00007ffe749af000 	C:\Windows\System32\sechost.dll
0x00007ffe730f0000 - 0x00007ffe73213000 	C:\Windows\System32\RPCRT4.dll
0x00007ffe72b60000 - 0x00007ffe72b87000 	C:\Windows\System32\bcrypt.dll
0x00007ffe73b60000 - 0x00007ffe73bcb000 	C:\Windows\System32\WS2_32.dll
0x00007ffe71e00000 - 0x00007ffe71e4b000 	C:\Windows\SYSTEM32\POWRPROF.dll
0x00007ffe69860000 - 0x00007ffe69887000 	C:\Windows\SYSTEM32\WINMM.dll
0x00007ffe6dd80000 - 0x00007ffe6dd8a000 	C:\Windows\SYSTEM32\VERSION.dll
0x00007ffe71db0000 - 0x00007ffe71dc2000 	C:\Windows\SYSTEM32\UMPDC.dll
0x00007ffe704c0000 - 0x00007ffe704d2000 	C:\Windows\SYSTEM32\kernel.appcore.dll
0x00007ffe6e6c0000 - 0x00007ffe6e6ca000 	C:\Users\ElPablo\.jdks\openjdk-22.0.2\bin\jimage.dll
0x00007ffe6f650000 - 0x00007ffe6f834000 	C:\Windows\SYSTEM32\DBGHELP.DLL
0x00007ffe52090000 - 0x00007ffe520c4000 	C:\Windows\SYSTEM32\dbgcore.DLL
0x00007ffe726a0000 - 0x00007ffe72722000 	C:\Windows\System32\bcryptPrimitives.dll
0x00007ffe6e620000 - 0x00007ffe6e62f000 	C:\Users\ElPablo\.jdks\openjdk-22.0.2\bin\instrument.dll
0x00007ffe68ce0000 - 0x00007ffe68cfe000 	C:\Users\ElPablo\.jdks\openjdk-22.0.2\bin\java.dll
0x00007ffe73220000 - 0x00007ffe7398e000 	C:\Windows\System32\SHELL32.dll
0x00007ffe73a30000 - 0x00007ffe73b5b000 	C:\Windows\System32\ole32.dll
0x00007ffe749b0000 - 0x00007ffe74d05000 	C:\Windows\System32\combase.dll
0x00007ffe704e0000 - 0x00007ffe70c84000 	C:\Windows\SYSTEM32\windows.storage.dll
0x00007ffe71e70000 - 0x00007ffe71e9f000 	C:\Windows\SYSTEM32\Wldp.dll
0x00007ffe74140000 - 0x00007ffe7420d000 	C:\Windows\System32\OLEAUT32.dll
0x00007ffe73bd0000 - 0x00007ffe73c7d000 	C:\Windows\System32\SHCORE.dll
0x00007ffe74d10000 - 0x00007ffe74d65000 	C:\Windows\System32\shlwapi.dll
0x00007ffe72370000 - 0x00007ffe72394000 	C:\Windows\SYSTEM32\profapi.dll
0x00007ffe4d6c0000 - 0x00007ffe4d797000 	C:\Users\ElPablo\.jdks\openjdk-22.0.2\bin\jsvml.dll
0x00007ffe68940000 - 0x00007ffe68957000 	C:\Users\ElPablo\.jdks\openjdk-22.0.2\bin\zip.dll
0x00007ffe6e600000 - 0x00007ffe6e610000 	C:\Users\ElPablo\.jdks\openjdk-22.0.2\bin\net.dll
0x00007ffe71b60000 - 0x00007ffe71bca000 	C:\Windows\system32\mswsock.dll
0x00007ffe68cc0000 - 0x00007ffe68cd6000 	C:\Users\ElPablo\.jdks\openjdk-22.0.2\bin\nio.dll
0x00007ffe688c0000 - 0x00007ffe688da000 	C:\Program Files\JetBrains\IntelliJ IDEA 2024.1.4\bin\breakgen64.dll
0x00007ffe6ca30000 - 0x00007ffe6ca39000 	C:\Users\ElPablo\.jdks\openjdk-22.0.2\bin\extnet.dll
0x00007ffe422b0000 - 0x00007ffe4243d000 	C:\Users\ElPablo\.jdks\openjdk-22.0.2\bin\awt.dll
0x00007ffe6d610000 - 0x00007ffe6d6a4000 	C:\Windows\SYSTEM32\apphelp.dll
0x00007ffe6fdf0000 - 0x00007ffe6fe8e000 	C:\Windows\system32\uxtheme.dll
0x0000000180000000 - 0x0000000188179000 	C:\Program Files (x86)\ASUS\GPUTweakIII\GTIII-OSD\x64\GTIII-OSD64-VK.dll
0x00007ffe258e0000 - 0x00007ffe25a46000 	C:\Windows\SYSTEM32\vulkan-1.dll
0x00007ffe727e0000 - 0x00007ffe7282e000 	C:\Windows\System32\CFGMGR32.dll
0x00007ffe70cd0000 - 0x00007ffe70dc6000 	C:\Windows\system32\dxgi.dll
0x00007ffe74020000 - 0x00007ffe74135000 	C:\Windows\System32\MSCTF.dll
0x00007ffe6ffe0000 - 0x00007ffe7000f000 	C:\Windows\system32\DWMAPI.DLL
0x00007ffe212a0000 - 0x00007ffe213c8000 	C:\Windows\system32\opengl32.dll
0x00007ffe30510000 - 0x00007ffe3053c000 	C:\Windows\SYSTEM32\GLU32.dll
0x00007ffe72000000 - 0x00007ffe72012000 	C:\Windows\SYSTEM32\msasn1.dll
0x00007ffe6dcc0000 - 0x00007ffe6dcf1000 	C:\Windows\SYSTEM32\cryptnet.dll
0x00007ffe72440000 - 0x00007ffe7259c000 	C:\Windows\System32\CRYPT32.dll
0x00007ffe71d70000 - 0x00007ffe71d7c000 	C:\Windows\SYSTEM32\cryptbase.dll
0x00007ffe6db40000 - 0x00007ffe6dc87000 	C:\Windows\SYSTEM32\drvstore.dll
0x00007ffe721d0000 - 0x00007ffe72203000 	C:\Windows\SYSTEM32\devobj.dll
0x00007ffe72d50000 - 0x00007ffe72db9000 	C:\Windows\System32\wintrust.dll
0x00007ffe72dc0000 - 0x00007ffe72ddd000 	C:\Windows\System32\imagehlp.dll
0x00007ffe71d50000 - 0x00007ffe71d68000 	C:\Windows\SYSTEM32\CRYPTSP.dll
0x00007ffe71420000 - 0x00007ffe71454000 	C:\Windows\system32\rsaenh.dll
0x00007ffe06ae0000 - 0x00007ffe06db0000 	C:\Windows\system32\nvspcap64.dll
0x00007ffe71670000 - 0x00007ffe716a3000 	C:\Windows\SYSTEM32\ntmarta.dll
0x00007ffe70ca0000 - 0x00007ffe70cc3000 	C:\Windows\SYSTEM32\gpapi.dll
0x00007ffe06980000 - 0x00007ffe06ad5000 	C:\Windows\System32\DriverStore\FileRepository\nv_dispi.inf_amd64_ab3196e1830c9b6c\nvppex.dll
0x00007ffe6ca40000 - 0x00007ffe6ca7b000 	C:\Windows\SYSTEM32\dxcore.dll
0x00007ffe4d630000 - 0x00007ffe4d6b7000 	C:\Users\ElPablo\.jdks\openjdk-22.0.2\bin\freetype.dll
0x00007ffe4d550000 - 0x00007ffe4d627000 	C:\Users\ElPablo\.jdks\openjdk-22.0.2\bin\fontmanager.dll
0x00007ffe6ac00000 - 0x00007ffe6acf9000 	C:\Windows\SYSTEM32\textinputframework.dll
0x00007ffe6cab0000 - 0x00007ffe6ce0b000 	C:\Windows\System32\CoreUIComponents.dll
0x00007ffe6d2e0000 - 0x00007ffe6d3d2000 	C:\Windows\System32\CoreMessaging.dll
0x00007ffe6d6b0000 - 0x00007ffe6d807000 	C:\Windows\SYSTEM32\wintypes.dll
0x0000027dce0f0000 - 0x0000027dd6380000 	C:\Program Files (x86)\ASUS\GPUTweakIII\GTIII-OSD\x64\GTIII-OSD64.dll
0x00007ffe6c090000 - 0x00007ffe6c4ed000 	C:\Windows\SYSTEM32\D3DCOMPILER_47.dll
0x00007ffe20f10000 - 0x00007ffe21173000 	C:\Windows\SYSTEM32\d3dx9_43.dll
0x00007ffe30680000 - 0x00007ffe306a5000 	C:\Windows\SYSTEM32\d3d12.dll
0x00007ffe2df10000 - 0x00007ffe2df41000 	C:\Windows\SYSTEM32\d3d10_1.dll
0x00007ffe6bac0000 - 0x00007ffe6bacd000 	C:\Windows\SYSTEM32\d3d10_1core.dll
0x00007ffe6f880000 - 0x00007ffe6fae3000 	C:\Windows\SYSTEM32\d3d11.dll
0x0000027dfc540000 - 0x0000027e0469e000 	C:\Program Files (x86)\ASUS\GPUTweakIII\GTIII-OSD\x64\GTIII-OSD64-GL.dll
0x00007ffe73fa0000 - 0x00007ffe73fa8000 	C:\Windows\System32\PSAPI.DLL
0x0000000052900000 - 0x0000000052963000 	C:\Program Files (x86)\ASUS\GPUTweakIII\GTIII-OSD\x64\glew32.dll

dbghelp: loaded successfully - version: 4.0.5 - missing functions: none
symbol engine: initialized successfully - sym options: 0x614 - pdb path: .;C:\Users\ElPablo\.jdks\openjdk-22.0.2\bin;C:\Windows\SYSTEM32;C:\Windows\WinSxS\amd64_microsoft.windows.common-controls_6595b64144ccf1df_6.0.19041.4355_none_60b8b9eb71f62e16;C:\Users\ElPablo\.jdks\openjdk-22.0.2\bin\server;C:\Program Files\JetBrains\IntelliJ IDEA 2024.1.4\bin;C:\Program Files (x86)\ASUS\GPUTweakIII\GTIII-OSD\x64;C:\Windows\System32\DriverStore\FileRepository\nv_dispi.inf_amd64_ab3196e1830c9b6c

VM Arguments:
jvm_args: -javaagent:C:\Program Files\JetBrains\IntelliJ IDEA 2024.1.4\lib\idea_rt.jar=64616:C:\Program Files\JetBrains\IntelliJ IDEA 2024.1.4\bin -Dfile.encoding=UTF-8 -Dsun.stdout.encoding=UTF-8 -Dsun.stderr.encoding=UTF-8 
java_command: Main
java_class_path (initial): C:\Users\ElPablo\Desktop\bricks\brick_breaker_game\game\brick_breaker\out\production\brick_breaker
Launcher Type: SUN_STANDARD

[Global flags]
     intx CICompilerCount                          = 4                                         {product} {ergonomic}
     uint ConcGCThreads                            = 2                                         {product} {ergonomic}
     uint G1ConcRefinementThreads                  = 8                                         {product} {ergonomic}
   size_t G1HeapRegionSize                         = 2097152                                   {product} {ergonomic}
   size_t InitialHeapSize                          = 268435456                                 {product} {ergonomic}
   size_t MarkStackSize                            = 4194304                                   {product} {ergonomic}
   size_t MaxHeapSize                              = 4286578688                                {product} {ergonomic}
   size_t MaxNewSize                               = 2571108352                                {product} {ergonomic}
   size_t MinHeapDeltaBytes                        = 2097152                                   {product} {ergonomic}
   size_t MinHeapSize                              = 8388608                                   {product} {ergonomic}
    uintx NonNMethodCodeHeapSize                   = 5839372                                {pd product} {ergonomic}
    uintx NonProfiledCodeHeapSize                  = 122909434                              {pd product} {ergonomic}
    uintx ProfiledCodeHeapSize                     = 122909434                              {pd product} {ergonomic}
    uintx ReservedCodeCacheSize                    = 251658240                              {pd product} {ergonomic}
     bool SegmentedCodeCache                       = true                                      {product} {ergonomic}
   size_t SoftMaxHeapSize                          = 4286578688                             {manageable} {ergonomic}
     bool UseCompressedOops                        = true                           {product lp64_product} {ergonomic}
     bool UseG1GC                                  = true                                      {product} {ergonomic}
     bool UseLargePagesIndividualAllocation        = false                                  {pd product} {ergonomic}

Logging:
Log output configuration:
 #0: stdout all=off uptime,level,tags foldmultilines=false
 #1: stderr all=off uptime,level,tags foldmultilines=false

Environment Variables:
PATH=c:\windows\system32;c:\windows;c:\windows\system32\wbem;c:\windows\system32\windowspowershell\v1.0\;c:\windows\system32\openssh\;C:\Program Files (x86)\NVIDIA Corporation\PhysX\Common;C:\Program Files\Git\cmd;C:\Program Files\NVIDIA Corporation\NVIDIA NvDLISR;C:\Users\ElPablo\AppData\Local\Programs\Python\Launcher\;C:\Users\ElPablo\AppData\Local\Microsoft\WindowsApps;C:\Users\ElPablo\AppData\Local\Programs\Microsoft VS Code\bin
USERNAME=ElPablo
OS=Windows_NT
PROCESSOR_IDENTIFIER=Intel64 Family 6 Model 94 Stepping 3, GenuineIntel
TMP=C:\Users\ElPablo\AppData\Local\Temp
TEMP=C:\Users\ElPablo\AppData\Local\Temp




Periodic native trim disabled

---------------  S Y S T E M  ---------------

OS:
 Windows 10 , 64 bit Build 19041 (10.0.19041.5198)
OS uptime: 0 days 17:14 hours

CPU: total 8 (initial active 8) (4 cores per cpu, 2 threads per core) family 6 model 94 stepping 3 microcode 0xcc, cx8, cmov, fxsr, ht, mmx, 3dnowpref, sse, sse2, sse3, ssse3, sse4.1, sse4.2, popcnt, lzcnt, tsc, tscinvbit, avx, avx2, aes, erms, clmul, bmi1, bmi2, rtm, adx, fma, vzeroupper, clflush, clflushopt, rdtscp, f16c
Processor Information for all 8 processors :
  Max Mhz: 3408, Current Mhz: 3408, Mhz Limit: 3408

Memory: 4k page, system-wide physical 16347M (3199M free)
TotalPageFile size 28635M (AvailPageFile size 7018M)
current process WorkingSet (physical memory assigned to process): 79M, peak: 93M
current process commit charge ("private bytes"): 752M, peak: 773M

vm_info: OpenJDK 64-Bit Server VM (22.0.2+9-70) for windows-amd64 JRE (22.0.2+9-70), built on 2024-06-04T16:52:23Z by "mach5one" with MS VC++ 17.6 (VS2022)

END.
